<?xml version="1.0" encoding="UTF-8"?>
<testng-results ignored="0" total="4" passed="4" failed="0" skipped="0">
  <reporter-output>
  </reporter-output>
  <suite started-at="2025-12-08T12:10:12 IST" name="Default suite" finished-at="2025-12-08T12:10:17 IST" duration-ms="5376">
    <groups>
      <group name="cucumber">
        <method signature="AbstractTestNGCucumberTests.runScenario(io.cucumber.testng.PickleWrapper,io.cucumber.testng.FeatureWrapper)[pri:0, instance:runner.PlaylistRunner@6771beb3]" name="runScenario" class="io.cucumber.testng.AbstractTestNGCucumberTests"/>
      </group> <!-- cucumber -->
    </groups>
    <test started-at="2025-12-08T12:10:12 IST" name="Default test" finished-at="2025-12-08T12:10:17 IST" duration-ms="5376">
      <class name="runner.PlaylistRunner">
        <test-method is-config="true" signature="setUpClass(org.testng.ITestContext)[pri:0, instance:runner.PlaylistRunner@6771beb3]" started-at="2025-12-08T12:10:12 IST" name="setUpClass" finished-at="2025-12-08T12:10:12 IST" duration-ms="415" status="PASS">
          <params>
            <param index="0">
              <value>
                <![CDATA[org.testng.TestRunner@56b751b1]]>
              </value>
            </param>
          </params>
          <reporter-output>
          </reporter-output>
        </test-method> <!-- setUpClass -->
        <test-method signature="runScenario(io.cucumber.testng.PickleWrapper,io.cucumber.testng.FeatureWrapper)[pri:0, instance:runner.PlaylistRunner@6771beb3]" started-at="2025-12-08T12:10:12 IST" name="runScenario" description="Runs Cucumber Scenarios" data-provider="scenarios" finished-at="2025-12-08T12:10:16 IST" duration-ms="3431" status="PASS">
          <params>
            <param index="0">
              <value>
                <![CDATA["verify create if palylist is working"]]>
              </value>
            </param>
            <param index="1">
              <value>
                <![CDATA["Validate palylist api's"]]>
              </value>
            </param>
          </params>
          <reporter-output>
          </reporter-output>
        </test-method> <!-- runScenario -->
        <test-method signature="runScenario(io.cucumber.testng.PickleWrapper,io.cucumber.testng.FeatureWrapper)[pri:0, instance:runner.PlaylistRunner@6771beb3]" started-at="2025-12-08T12:10:16 IST" name="runScenario" description="Runs Cucumber Scenarios" data-provider="scenarios" finished-at="2025-12-08T12:10:16 IST" duration-ms="266" status="PASS">
          <params>
            <param index="0">
              <value>
                <![CDATA["verify if fetch playlist functionality is working"]]>
              </value>
            </param>
            <param index="1">
              <value>
                <![CDATA["Validate palylist api's"]]>
              </value>
            </param>
          </params>
          <reporter-output>
          </reporter-output>
        </test-method> <!-- runScenario -->
        <test-method signature="runScenario(io.cucumber.testng.PickleWrapper,io.cucumber.testng.FeatureWrapper)[pri:0, instance:runner.PlaylistRunner@6771beb3]" started-at="2025-12-08T12:10:16 IST" name="runScenario" description="Runs Cucumber Scenarios" data-provider="scenarios" finished-at="2025-12-08T12:10:16 IST" duration-ms="402" status="PASS">
          <params>
            <param index="0">
              <value>
                <![CDATA["verify if update playlist functionality is working"]]>
              </value>
            </param>
            <param index="1">
              <value>
                <![CDATA["Validate palylist api's"]]>
              </value>
            </param>
          </params>
          <reporter-output>
          </reporter-output>
        </test-method> <!-- runScenario -->
        <test-method signature="runScenario(io.cucumber.testng.PickleWrapper,io.cucumber.testng.FeatureWrapper)[pri:0, instance:runner.PlaylistRunner@6771beb3]" started-at="2025-12-08T12:10:16 IST" name="runScenario" description="Runs Cucumber Scenarios" data-provider="scenarios" finished-at="2025-12-08T12:10:17 IST" duration-ms="820" status="PASS">
          <params>
            <param index="0">
              <value>
                <![CDATA["Search a song"]]>
              </value>
            </param>
            <param index="1">
              <value>
                <![CDATA["Search song"]]>
              </value>
            </param>
          </params>
          <reporter-output>
          </reporter-output>
        </test-method> <!-- runScenario -->
        <test-method is-config="true" signature="tearDownClass()[pri:0, instance:runner.PlaylistRunner@6771beb3]" started-at="2025-12-08T12:10:17 IST" name="tearDownClass" finished-at="2025-12-08T12:10:17 IST" duration-ms="2" status="PASS">
          <reporter-output>
          </reporter-output>
        </test-method> <!-- tearDownClass -->
      </class> <!-- runner.PlaylistRunner -->
    </test> <!-- Default test -->
  </suite> <!-- Default suite -->
</testng-results>
