<?xml version="1.0" encoding="UTF-8"?>
<!-- Generated by org.testng.reporters.JUnitReportReporter -->
<testsuite hostname="Sameer_Tamboli" failures="0" tests="4" name="runner.PlaylistRunner" time="4.919" errors="0" timestamp="2025-12-08T12:10:17 IST" skipped="0">
  <testcase classname="runner.PlaylistRunner" name="runScenario" time="0.820"/>
  <system-out/>
  <testcase classname="runner.PlaylistRunner" name="runScenario" time="0.266"/>
  <system-out/>
  <testcase classname="runner.PlaylistRunner" name="runScenario" time="0.402"/>
  <system-out/>
  <testcase classname="runner.PlaylistRunner" name="runScenario" time="3.431"/>
  <system-out/>
</testsuite> <!-- runner.PlaylistRunner -->
